{"D:\\Projects\\expo_apps\\labpass\\src\\contexts\\AuthContext.tsx": {"path":"D:\\Projects\\expo_apps\\labpass\\src\\contexts\\AuthContext.tsx","statementMap":{"0":{"start":{"line":18,"column":20},"end":{"line":18,"column":52}},"1":{"start":{"line":22,"column":49},"end":{"line":22,"column":86}},"2":{"start":{"line":25,"column":4},"end":{"line":25,"column":27}},"3":{"start":{"line":26,"column":4},"end":{"line":26,"column":71}},"4":{"start":{"line":29,"column":19},"end":{"line":34,"column":3}},"5":{"start":{"line":30,"column":39},"end":{"line":30,"column":82}},"6":{"start":{"line":31,"column":17},"end":{"line":31,"column":61}},"7":{"start":{"line":33,"column":4},"end":{"line":33,"column":15}},"8":{"start":{"line":36,"column":29},"end":{"line":38,"column":3}},"9":{"start":{"line":37,"column":4},"end":{"line":37,"column":27}},"10":{"start":{"line":41,"column":4},"end":{"line":41,"column":28}},"11":{"start":{"line":42,"column":4},"end":{"line":42,"column":21}},"12":{"start":{"line":43,"column":4},"end":{"line":43,"column":50}},"13":{"start":{"line":44,"column":4},"end":{"line":44,"column":31}},"14":{"start":{"line":47,"column":2},"end":{"line":53,"column":8}},"15":{"start":{"line":49,"column":4},"end":{"line":51,"column":25}},"16":{"start":{"line":56,"column":2},"end":{"line":67,"column":3}},"17":{"start":{"line":70,"column":23},"end":{"line":70,"column":52}},"18":{"start":{"line":70,"column":29},"end":{"line":70,"column":52}}},"fnMap":{"0":{"name":"AuthProvider","decl":{"start":{"line":20,"column":16},"end":{"line":20,"column":28}},"loc":{"start":{"line":20,"column":64},"end":{"line":68,"column":1}},"line":20},"1":{"name":"saveUserCredential","decl":{"start":{"line":24,"column":11},"end":{"line":24,"column":29}},"loc":{"start":{"line":24,"column":58},"end":{"line":27,"column":3}},"line":24},"2":{"name":"(anonymous_2)","decl":{"start":{"line":29,"column":19},"end":{"line":29,"column":20}},"loc":{"start":{"line":29,"column":63},"end":{"line":34,"column":3}},"line":29},"3":{"name":"(anonymous_3)","decl":{"start":{"line":36,"column":29},"end":{"line":36,"column":30}},"loc":{"start":{"line":36,"column":48},"end":{"line":38,"column":3}},"line":36},"4":{"name":"logout","decl":{"start":{"line":40,"column":17},"end":{"line":40,"column":23}},"loc":{"start":{"line":40,"column":25},"end":{"line":45,"column":3}},"line":40},"5":{"name":"(anonymous_5)","decl":{"start":{"line":47,"column":12},"end":{"line":47,"column":13}},"loc":{"start":{"line":47,"column":18},"end":{"line":53,"column":3}},"line":47},"6":{"name":"(anonymous_6)","decl":{"start":{"line":70,"column":23},"end":{"line":70,"column":24}},"loc":{"start":{"line":70,"column":29},"end":{"line":70,"column":52}},"line":70}},"branchMap":{"0":{"loc":{"start":{"line":26,"column":4},"end":{"line":26,"column":71}},"type":"binary-expr","locations":[{"start":{"line":26,"column":4},"end":{"line":26,"column":8}},{"start":{"line":26,"column":12},"end":{"line":26,"column":71}}],"line":26},"1":{"loc":{"start":{"line":31,"column":17},"end":{"line":31,"column":61}},"type":"cond-expr","locations":[{"start":{"line":31,"column":31},"end":{"line":31,"column":54}},{"start":{"line":31,"column":57},"end":{"line":31,"column":61}}],"line":31}},"s":{"0":0,"1":0,"2":0,"3":0,"4":0,"5":0,"6":0,"7":0,"8":0,"9":0,"10":0,"11":0,"12":0,"13":0,"14":0,"15":0,"16":0,"17":0,"18":0},"f":{"0":0,"1":0,"2":0,"3":0,"4":0,"5":0,"6":0},"b":{"0":[0,0],"1":[0,0]}}
,"D:\\Projects\\expo_apps\\labpass\\src\\contexts\\PasswordsContext.tsx": {"path":"D:\\Projects\\expo_apps\\labpass\\src\\contexts\\PasswordsContext.tsx","statementMap":{"0":{"start":{"line":15,"column":25},"end":{"line":15,"column":62}},"1":{"start":{"line":18,"column":45},"end":{"line":18,"column":72}},"2":{"start":{"line":21,"column":4},"end":{"line":21,"column":51}},"3":{"start":{"line":25,"column":30},"end":{"line":25,"column":81}},"4":{"start":{"line":25,"column":58},"end":{"line":25,"column":80}},"5":{"start":{"line":26,"column":4},"end":{"line":26,"column":38}},"6":{"start":{"line":29,"column":2},"end":{"line":32,"column":8}},"7":{"start":{"line":30,"column":4},"end":{"line":31,"column":77}},"8":{"start":{"line":31,"column":25},"end":{"line":31,"column":76}},"9":{"start":{"line":34,"column":2},"end":{"line":36,"column":30}},"10":{"start":{"line":35,"column":4},"end":{"line":35,"column":77}},"11":{"start":{"line":38,"column":2},"end":{"line":48,"column":3}},"12":{"start":{"line":51,"column":28},"end":{"line":51,"column":62}},"13":{"start":{"line":51,"column":34},"end":{"line":51,"column":62}}},"fnMap":{"0":{"name":"PasswordsProvider","decl":{"start":{"line":17,"column":16},"end":{"line":17,"column":33}},"loc":{"start":{"line":17,"column":74},"end":{"line":49,"column":1}},"line":17},"1":{"name":"addPassword","decl":{"start":{"line":20,"column":11},"end":{"line":20,"column":22}},"loc":{"start":{"line":20,"column":45},"end":{"line":22,"column":3}},"line":20},"2":{"name":"removePassword","decl":{"start":{"line":24,"column":11},"end":{"line":24,"column":25}},"loc":{"start":{"line":24,"column":45},"end":{"line":27,"column":3}},"line":24},"3":{"name":"(anonymous_3)","decl":{"start":{"line":25,"column":50},"end":{"line":25,"column":51}},"loc":{"start":{"line":25,"column":58},"end":{"line":25,"column":80}},"line":25},"4":{"name":"(anonymous_4)","decl":{"start":{"line":29,"column":12},"end":{"line":29,"column":13}},"loc":{"start":{"line":29,"column":18},"end":{"line":32,"column":3}},"line":29},"5":{"name":"(anonymous_5)","decl":{"start":{"line":31,"column":12},"end":{"line":31,"column":13}},"loc":{"start":{"line":31,"column":25},"end":{"line":31,"column":76}},"line":31},"6":{"name":"(anonymous_6)","decl":{"start":{"line":34,"column":12},"end":{"line":34,"column":13}},"loc":{"start":{"line":34,"column":18},"end":{"line":36,"column":3}},"line":34},"7":{"name":"(anonymous_7)","decl":{"start":{"line":51,"column":28},"end":{"line":51,"column":29}},"loc":{"start":{"line":51,"column":34},"end":{"line":51,"column":62}},"line":51}},"branchMap":{"0":{"loc":{"start":{"line":31,"column":25},"end":{"line":31,"column":76}},"type":"binary-expr","locations":[{"start":{"line":31,"column":25},"end":{"line":31,"column":34}},{"start":{"line":31,"column":38},"end":{"line":31,"column":76}}],"line":31}},"s":{"0":0,"1":0,"2":0,"3":0,"4":0,"5":0,"6":0,"7":0,"8":0,"9":0,"10":0,"11":0,"12":0,"13":0},"f":{"0":0,"1":0,"2":0,"3":0,"4":0,"5":0,"6":0,"7":0},"b":{"0":[0,0]}}
,"D:\\Projects\\expo_apps\\labpass\\src\\hooks\\useFacebookSignIn.ts": {"path":"D:\\Projects\\expo_apps\\labpass\\src\\hooks\\useFacebookSignIn.ts","statementMap":{"0":{"start":{"line":17,"column":34},"end":{"line":17,"column":43}},"1":{"start":{"line":19,"column":46},"end":{"line":23,"column":4}},"2":{"start":{"line":25,"column":24},"end":{"line":28,"column":3}},"3":{"start":{"line":26,"column":23},"end":{"line":26,"column":61}},"4":{"start":{"line":27,"column":4},"end":{"line":27,"column":21}},"5":{"start":{"line":30,"column":28},"end":{"line":33,"column":3}},"6":{"start":{"line":31,"column":4},"end":{"line":31,"column":49}},"7":{"start":{"line":35,"column":26},"end":{"line":48,"column":3}},"8":{"start":{"line":36,"column":27},"end":{"line":36,"column":46}},"9":{"start":{"line":38,"column":4},"end":{"line":38,"column":54}},"10":{"start":{"line":38,"column":43},"end":{"line":38,"column":54}},"11":{"start":{"line":40,"column":30},"end":{"line":40,"column":51}},"12":{"start":{"line":41,"column":23},"end":{"line":41,"column":50}},"13":{"start":{"line":43,"column":4},"end":{"line":43,"column":32}},"14":{"start":{"line":43,"column":21},"end":{"line":43,"column":32}},"15":{"start":{"line":44,"column":17},"end":{"line":44,"column":66}},"16":{"start":{"line":45,"column":4},"end":{"line":45,"column":28}},"17":{"start":{"line":46,"column":4},"end":{"line":46,"column":15}},"18":{"start":{"line":50,"column":2},"end":{"line":53,"column":3}}},"fnMap":{"0":{"name":"useFacebookSignIn","decl":{"start":{"line":12,"column":16},"end":{"line":12,"column":33}},"loc":{"start":{"line":15,"column":27},"end":{"line":55,"column":1}},"line":15},"1":{"name":"(anonymous_1)","decl":{"start":{"line":25,"column":24},"end":{"line":25,"column":25}},"loc":{"start":{"line":25,"column":67},"end":{"line":28,"column":3}},"line":25},"2":{"name":"(anonymous_2)","decl":{"start":{"line":30,"column":28},"end":{"line":30,"column":29}},"loc":{"start":{"line":30,"column":99},"end":{"line":33,"column":3}},"line":30},"3":{"name":"(anonymous_3)","decl":{"start":{"line":35,"column":26},"end":{"line":35,"column":27}},"loc":{"start":{"line":35,"column":38},"end":{"line":48,"column":3}},"line":35}},"branchMap":{"0":{"loc":{"start":{"line":22,"column":14},"end":{"line":22,"column":33}},"type":"binary-expr","locations":[{"start":{"line":22,"column":14},"end":{"line":22,"column":22}},{"start":{"line":22,"column":26},"end":{"line":22,"column":33}}],"line":22},"1":{"loc":{"start":{"line":38,"column":4},"end":{"line":38,"column":54}},"type":"if","locations":[{"start":{"line":38,"column":4},"end":{"line":38,"column":54}},{"start":{},"end":{}}],"line":38},"2":{"loc":{"start":{"line":43,"column":4},"end":{"line":43,"column":32}},"type":"if","locations":[{"start":{"line":43,"column":4},"end":{"line":43,"column":32}},{"start":{},"end":{}}],"line":43},"3":{"loc":{"start":{"line":44,"column":17},"end":{"line":44,"column":66}},"type":"binary-expr","locations":[{"start":{"line":44,"column":17},"end":{"line":44,"column":27}},{"start":{"line":44,"column":31},"end":{"line":44,"column":66}}],"line":44}},"s":{"0":0,"1":0,"2":0,"3":0,"4":0,"5":0,"6":0,"7":0,"8":0,"9":0,"10":0,"11":0,"12":0,"13":0,"14":0,"15":0,"16":0,"17":0,"18":0},"f":{"0":0,"1":0,"2":0,"3":0},"b":{"0":[0,0],"1":[0,0],"2":[0,0],"3":[0,0]}}
,"D:\\Projects\\expo_apps\\labpass\\src\\hooks\\useGoogleSignIn.ts": {"path":"D:\\Projects\\expo_apps\\labpass\\src\\hooks\\useGoogleSignIn.ts","statementMap":{"0":{"start":{"line":16,"column":34},"end":{"line":16,"column":43}},"1":{"start":{"line":18,"column":46},"end":{"line":23,"column":3}},"2":{"start":{"line":25,"column":24},"end":{"line":28,"column":3}},"3":{"start":{"line":26,"column":23},"end":{"line":26,"column":59}},"4":{"start":{"line":27,"column":4},"end":{"line":27,"column":21}},"5":{"start":{"line":30,"column":28},"end":{"line":33,"column":3}},"6":{"start":{"line":31,"column":4},"end":{"line":31,"column":49}},"7":{"start":{"line":35,"column":24},"end":{"line":53,"column":3}},"8":{"start":{"line":36,"column":4},"end":{"line":51,"column":5}},"9":{"start":{"line":37,"column":29},"end":{"line":37,"column":48}},"10":{"start":{"line":39,"column":6},"end":{"line":39,"column":55}},"11":{"start":{"line":39,"column":44},"end":{"line":39,"column":55}},"12":{"start":{"line":41,"column":28},"end":{"line":41,"column":49}},"13":{"start":{"line":42,"column":25},"end":{"line":42,"column":48}},"14":{"start":{"line":44,"column":6},"end":{"line":44,"column":34}},"15":{"start":{"line":44,"column":23},"end":{"line":44,"column":34}},"16":{"start":{"line":45,"column":19},"end":{"line":45,"column":74}},"17":{"start":{"line":46,"column":6},"end":{"line":46,"column":30}},"18":{"start":{"line":47,"column":6},"end":{"line":47,"column":17}},"19":{"start":{"line":50,"column":6},"end":{"line":50,"column":20}},"20":{"start":{"line":55,"column":2},"end":{"line":57,"column":3}}},"fnMap":{"0":{"name":"useGoogleSignIn","decl":{"start":{"line":11,"column":16},"end":{"line":11,"column":31}},"loc":{"start":{"line":14,"column":24},"end":{"line":59,"column":1}},"line":14},"1":{"name":"(anonymous_1)","decl":{"start":{"line":25,"column":24},"end":{"line":25,"column":25}},"loc":{"start":{"line":25,"column":67},"end":{"line":28,"column":3}},"line":25},"2":{"name":"(anonymous_2)","decl":{"start":{"line":30,"column":28},"end":{"line":30,"column":29}},"loc":{"start":{"line":30,"column":99},"end":{"line":33,"column":3}},"line":30},"3":{"name":"(anonymous_3)","decl":{"start":{"line":35,"column":24},"end":{"line":35,"column":25}},"loc":{"start":{"line":35,"column":36},"end":{"line":53,"column":3}},"line":35}},"branchMap":{"0":{"loc":{"start":{"line":21,"column":16},"end":{"line":21,"column":35}},"type":"binary-expr","locations":[{"start":{"line":21,"column":16},"end":{"line":21,"column":24}},{"start":{"line":21,"column":28},"end":{"line":21,"column":35}}],"line":21},"1":{"loc":{"start":{"line":39,"column":6},"end":{"line":39,"column":55}},"type":"if","locations":[{"start":{"line":39,"column":6},"end":{"line":39,"column":55}},{"start":{},"end":{}}],"line":39},"2":{"loc":{"start":{"line":44,"column":6},"end":{"line":44,"column":34}},"type":"if","locations":[{"start":{"line":44,"column":6},"end":{"line":44,"column":34}},{"start":{},"end":{}}],"line":44},"3":{"loc":{"start":{"line":45,"column":19},"end":{"line":45,"column":74}},"type":"cond-expr","locations":[{"start":{"line":45,"column":32},"end":{"line":45,"column":67}},{"start":{"line":45,"column":70},"end":{"line":45,"column":74}}],"line":45}},"s":{"0":0,"1":0,"2":0,"3":0,"4":0,"5":0,"6":0,"7":0,"8":0,"9":0,"10":0,"11":0,"12":0,"13":0,"14":0,"15":0,"16":0,"17":0,"18":0,"19":0,"20":0},"f":{"0":0,"1":0,"2":0,"3":0},"b":{"0":[0,0],"1":[0,0],"2":[0,0],"3":[0,0]}}
,"D:\\Projects\\expo_apps\\labpass\\src\\hooks\\usePermission.ts": {"path":"D:\\Projects\\expo_apps\\labpass\\src\\hooks\\usePermission.ts","statementMap":{"0":{"start":{"line":6,"column":24},"end":{"line":6,"column":39}},"1":{"start":{"line":8,"column":27},"end":{"line":11,"column":3}},"2":{"start":{"line":9,"column":24},"end":{"line":9,"column":85}},"3":{"start":{"line":10,"column":4},"end":{"line":10,"column":22}},"4":{"start":{"line":13,"column":26},"end":{"line":16,"column":3}},"5":{"start":{"line":14,"column":24},"end":{"line":14,"column":73}},"6":{"start":{"line":15,"column":4},"end":{"line":15,"column":22}},"7":{"start":{"line":18,"column":18},"end":{"line":26,"column":3}},"8":{"start":{"line":20,"column":24},"end":{"line":24,"column":6}},"9":{"start":{"line":25,"column":4},"end":{"line":25,"column":22}},"10":{"start":{"line":28,"column":2},"end":{"line":32,"column":3}}},"fnMap":{"0":{"name":"usePermission","decl":{"start":{"line":4,"column":16},"end":{"line":4,"column":29}},"loc":{"start":{"line":4,"column":31},"end":{"line":33,"column":1}},"line":4},"1":{"name":"(anonymous_1)","decl":{"start":{"line":8,"column":27},"end":{"line":8,"column":28}},"loc":{"start":{"line":8,"column":39},"end":{"line":11,"column":3}},"line":8},"2":{"name":"(anonymous_2)","decl":{"start":{"line":13,"column":26},"end":{"line":13,"column":27}},"loc":{"start":{"line":13,"column":38},"end":{"line":16,"column":3}},"line":13},"3":{"name":"(anonymous_3)","decl":{"start":{"line":18,"column":18},"end":{"line":18,"column":19}},"loc":{"start":{"line":18,"column":30},"end":{"line":26,"column":3}},"line":18}},"branchMap":{},"s":{"0":0,"1":0,"2":0,"3":0,"4":0,"5":0,"6":0,"7":0,"8":0,"9":0,"10":0},"f":{"0":0,"1":0,"2":0,"3":0},"b":{}}
}
