{"D:\\Projects\\expo_apps\\labpass\\src\\components\\ListItem\\index.tsx": {"path":"D:\\Projects\\expo_apps\\labpass\\src\\components\\ListItem\\index.tsx","statementMap":{"0":{"start":{"line":25,"column":47},"end":{"line":25,"column":61}},"1":{"start":{"line":26,"column":40},"end":{"line":26,"column":55}},"2":{"start":{"line":28,"column":24},"end":{"line":28,"column":39}},"3":{"start":{"line":30,"column":19},"end":{"line":40,"column":3}},"4":{"start":{"line":32,"column":25},"end":{"line":32,"column":48}},"5":{"start":{"line":34,"column":4},"end":{"line":34,"column":49}},"6":{"start":{"line":34,"column":23},"end":{"line":34,"column":49}},"7":{"start":{"line":36,"column":23},"end":{"line":36,"column":38}},"8":{"start":{"line":38,"column":4},"end":{"line":38,"column":57}},"9":{"start":{"line":38,"column":27},"end":{"line":38,"column":57}},"10":{"start":{"line":41,"column":19},"end":{"line":41,"column":47}},"11":{"start":{"line":41,"column":25},"end":{"line":41,"column":47}},"12":{"start":{"line":42,"column":16},"end":{"line":42,"column":26}},"13":{"start":{"line":45,"column":4},"end":{"line":45,"column":66}},"14":{"start":{"line":45,"column":53},"end":{"line":45,"column":56}},"15":{"start":{"line":50,"column":4},"end":{"line":50,"column":44}},"16":{"start":{"line":52,"column":4},"end":{"line":52,"column":26}},"17":{"start":{"line":54,"column":4},"end":{"line":56,"column":6}},"18":{"start":{"line":59,"column":2},"end":{"line":83,"column":3}}},"fnMap":{"0":{"name":"ListItem","decl":{"start":{"line":17,"column":16},"end":{"line":17,"column":24}},"loc":{"start":{"line":23,"column":18},"end":{"line":84,"column":1}},"line":23},"1":{"name":"(anonymous_1)","decl":{"start":{"line":30,"column":19},"end":{"line":30,"column":20}},"loc":{"start":{"line":30,"column":31},"end":{"line":40,"column":3}},"line":30},"2":{"name":"(anonymous_2)","decl":{"start":{"line":41,"column":19},"end":{"line":41,"column":20}},"loc":{"start":{"line":41,"column":25},"end":{"line":41,"column":47}},"line":41},"3":{"name":"passObscure","decl":{"start":{"line":44,"column":11},"end":{"line":44,"column":22}},"loc":{"start":{"line":44,"column":36},"end":{"line":46,"column":3}},"line":44},"4":{"name":"(anonymous_4)","decl":{"start":{"line":45,"column":46},"end":{"line":45,"column":47}},"loc":{"start":{"line":45,"column":53},"end":{"line":45,"column":56}},"line":45},"5":{"name":"copyPass","decl":{"start":{"line":48,"column":17},"end":{"line":48,"column":25}},"loc":{"start":{"line":48,"column":27},"end":{"line":57,"column":3}},"line":48}},"branchMap":{"0":{"loc":{"start":{"line":34,"column":4},"end":{"line":34,"column":49}},"type":"if","locations":[{"start":{"line":34,"column":4},"end":{"line":34,"column":49}},{"start":{},"end":{}}],"line":34},"1":{"loc":{"start":{"line":38,"column":4},"end":{"line":38,"column":57}},"type":"if","locations":[{"start":{"line":38,"column":4},"end":{"line":38,"column":57}},{"start":{},"end":{}}],"line":38},"2":{"loc":{"start":{"line":70,"column":37},"end":{"line":70,"column":85}},"type":"cond-expr","locations":[{"start":{"line":70,"column":53},"end":{"line":70,"column":74}},{"start":{"line":70,"column":77},"end":{"line":70,"column":85}}],"line":70},"3":{"loc":{"start":{"line":73,"column":7},"end":{"line":81,"column":9}},"type":"cond-expr","locations":[{"start":{"line":74,"column":10},"end":{"line":74,"column":123}},{"start":{"line":77,"column":10},"end":{"line":80,"column":19}}],"line":73}},"s":{"0":1,"1":1,"2":1,"3":1,"4":0,"5":0,"6":0,"7":0,"8":0,"9":0,"10":1,"11":0,"12":1,"13":1,"14":6,"15":0,"16":0,"17":0,"18":1},"f":{"0":1,"1":0,"2":0,"3":1,"4":6,"5":0},"b":{"0":[0,0],"1":[0,0],"2":[1,0],"3":[1,0]},"_coverageSchema":"1a1c01bbd47fc00a2c39e90264f33305004495a9","hash":"9a20631da3f5762c23ba1831629f4cac6bc3ac7c"}
,"D:\\Projects\\expo_apps\\labpass\\src\\components\\Logo\\index.tsx": {"path":"D:\\Projects\\expo_apps\\labpass\\src\\components\\Logo\\index.tsx","statementMap":{"0":{"start":{"line":5,"column":2},"end":{"line":11,"column":3}}},"fnMap":{"0":{"name":"Logo","decl":{"start":{"line":4,"column":16},"end":{"line":4,"column":20}},"loc":{"start":{"line":4,"column":22},"end":{"line":12,"column":1}},"line":4}},"branchMap":{},"s":{"0":0},"f":{"0":0},"b":{}}
,"D:\\Projects\\expo_apps\\labpass\\src\\components\\MyAlertDialog\\index.tsx": {"path":"D:\\Projects\\expo_apps\\labpass\\src\\components\\MyAlertDialog\\index.tsx","statementMap":{"0":{"start":{"line":28,"column":2},"end":{"line":49,"column":3}}},"fnMap":{"0":{"name":"MyAlertDialog","decl":{"start":{"line":17,"column":16},"end":{"line":17,"column":29}},"loc":{"start":{"line":27,"column":22},"end":{"line":50,"column":1}},"line":27}},"branchMap":{"0":{"loc":{"start":{"line":31,"column":9},"end":{"line":31,"column":47}},"type":"binary-expr","locations":[{"start":{"line":31,"column":9},"end":{"line":31,"column":16}},{"start":{"line":31,"column":20},"end":{"line":31,"column":47}}],"line":31},"1":{"loc":{"start":{"line":34,"column":9},"end":{"line":46,"column":37}},"type":"cond-expr","locations":[{"start":{"line":34,"column":32},"end":{"line":46,"column":29}},{"start":{"line":46,"column":32},"end":{"line":46,"column":37}}],"line":34},"2":{"loc":{"start":{"line":34,"column":9},"end":{"line":34,"column":29}},"type":"binary-expr","locations":[{"start":{"line":34,"column":9},"end":{"line":34,"column":16}},{"start":{"line":34,"column":20},"end":{"line":34,"column":29}}],"line":34},"3":{"loc":{"start":{"line":37,"column":13},"end":{"line":39,"column":29}},"type":"cond-expr","locations":[{"start":{"line":37,"column":24},"end":{"line":39,"column":21}},{"start":{"line":39,"column":24},"end":{"line":39,"column":29}}],"line":37},"4":{"loc":{"start":{"line":38,"column":15},"end":{"line":38,"column":39}},"type":"binary-expr","locations":[{"start":{"line":38,"column":15},"end":{"line":38,"column":25}},{"start":{"line":38,"column":29},"end":{"line":38,"column":39}}],"line":38},"5":{"loc":{"start":{"line":41,"column":13},"end":{"line":43,"column":29}},"type":"cond-expr","locations":[{"start":{"line":41,"column":25},"end":{"line":43,"column":21}},{"start":{"line":43,"column":24},"end":{"line":43,"column":29}}],"line":41},"6":{"loc":{"start":{"line":42,"column":15},"end":{"line":42,"column":41}},"type":"binary-expr","locations":[{"start":{"line":42,"column":15},"end":{"line":42,"column":26}},{"start":{"line":42,"column":30},"end":{"line":42,"column":41}}],"line":42}},"s":{"0":0},"f":{"0":0},"b":{"0":[0,0],"1":[0,0],"2":[0,0],"3":[0,0],"4":[0,0],"5":[0,0],"6":[0,0]}}
,"D:\\Projects\\expo_apps\\labpass\\src\\components\\MyButton\\index.tsx": {"path":"D:\\Projects\\expo_apps\\labpass\\src\\components\\MyButton\\index.tsx","statementMap":{"0":{"start":{"line":30,"column":2},"end":{"line":38,"column":3}},"1":{"start":{"line":31,"column":87},"end":{"line":31,"column":108}}},"fnMap":{"0":{"name":"MyButton","decl":{"start":{"line":18,"column":16},"end":{"line":18,"column":24}},"loc":{"start":{"line":29,"column":17},"end":{"line":39,"column":1}},"line":29},"1":{"name":"(anonymous_1)","decl":{"start":{"line":31,"column":81},"end":{"line":31,"column":82}},"loc":{"start":{"line":31,"column":87},"end":{"line":31,"column":108}},"line":31}},"branchMap":{"0":{"loc":{"start":{"line":31,"column":53},"end":{"line":31,"column":70}},"type":"cond-expr","locations":[{"start":{"line":31,"column":63},"end":{"line":31,"column":66}},{"start":{"line":31,"column":69},"end":{"line":31,"column":70}}],"line":31},"1":{"loc":{"start":{"line":31,"column":87},"end":{"line":31,"column":108}},"type":"binary-expr","locations":[{"start":{"line":31,"column":87},"end":{"line":31,"column":95}},{"start":{"line":31,"column":99},"end":{"line":31,"column":108}}],"line":31},"2":{"loc":{"start":{"line":31,"column":114},"end":{"line":31,"column":140}},"type":"binary-expr","locations":[{"start":{"line":31,"column":114},"end":{"line":31,"column":121}},{"start":{"line":31,"column":125},"end":{"line":31,"column":140}}],"line":31},"3":{"loc":{"start":{"line":33,"column":10},"end":{"line":33,"column":110}},"type":"binary-expr","locations":[{"start":{"line":33,"column":10},"end":{"line":33,"column":18}},{"start":{"line":33,"column":22},"end":{"line":33,"column":110}}],"line":33},"4":{"loc":{"start":{"line":35,"column":10},"end":{"line":35,"column":114}},"type":"binary-expr","locations":[{"start":{"line":35,"column":10},"end":{"line":35,"column":19}},{"start":{"line":35,"column":23},"end":{"line":35,"column":114}}],"line":35}},"s":{"0":0,"1":0},"f":{"0":0,"1":0},"b":{"0":[0,0],"1":[0,0],"2":[0,0],"3":[0,0],"4":[0,0]}}
,"D:\\Projects\\expo_apps\\labpass\\src\\components\\MyInput\\index.tsx": {"path":"D:\\Projects\\expo_apps\\labpass\\src\\components\\MyInput\\index.tsx","statementMap":{"0":{"start":{"line":24,"column":2},"end":{"line":56,"column":3}},"1":{"start":{"line":29,"column":10},"end":{"line":48,"column":12}}},"fnMap":{"0":{"name":"MyInput","decl":{"start":{"line":15,"column":16},"end":{"line":15,"column":23}},"loc":{"start":{"line":23,"column":19},"end":{"line":57,"column":1}},"line":23},"1":{"name":"(anonymous_1)","decl":{"start":{"line":28,"column":16},"end":{"line":28,"column":17}},"loc":{"start":{"line":29,"column":10},"end":{"line":48,"column":12}},"line":29}},"branchMap":{},"s":{"0":0,"1":0},"f":{"0":0,"1":0},"b":{}}
,"D:\\Projects\\expo_apps\\labpass\\src\\components\\MySelect\\index.tsx": {"path":"D:\\Projects\\expo_apps\\labpass\\src\\components\\MySelect\\index.tsx","statementMap":{"0":{"start":{"line":24,"column":2},"end":{"line":56,"column":3}},"1":{"start":{"line":29,"column":10},"end":{"line":48,"column":19}},"2":{"start":{"line":45,"column":14},"end":{"line":45,"column":81}}},"fnMap":{"0":{"name":"MySelect","decl":{"start":{"line":17,"column":16},"end":{"line":17,"column":24}},"loc":{"start":{"line":23,"column":20},"end":{"line":57,"column":1}},"line":23},"1":{"name":"(anonymous_1)","decl":{"start":{"line":28,"column":16},"end":{"line":28,"column":17}},"loc":{"start":{"line":29,"column":10},"end":{"line":48,"column":19}},"line":29},"2":{"name":"(anonymous_2)","decl":{"start":{"line":44,"column":23},"end":{"line":44,"column":24}},"loc":{"start":{"line":45,"column":14},"end":{"line":45,"column":81}},"line":45}},"branchMap":{},"s":{"0":0,"1":0,"2":0},"f":{"0":0,"1":0,"2":0},"b":{}}
,"D:\\Projects\\expo_apps\\labpass\\src\\components\\PageTitle\\index.tsx": {"path":"D:\\Projects\\expo_apps\\labpass\\src\\components\\PageTitle\\index.tsx","statementMap":{"0":{"start":{"line":13,"column":2},"end":{"line":15,"column":3}}},"fnMap":{"0":{"name":"PageTitle","decl":{"start":{"line":9,"column":16},"end":{"line":9,"column":25}},"loc":{"start":{"line":12,"column":18},"end":{"line":16,"column":1}},"line":12}},"branchMap":{},"s":{"0":1},"f":{"0":1},"b":{},"_coverageSchema":"1a1c01bbd47fc00a2c39e90264f33305004495a9","hash":"f6e3a05be4997e4d54f25000a39d092cbe8f86ac"}
,"D:\\Projects\\expo_apps\\labpass\\src\\contexts\\AuthContext.tsx": {"path":"D:\\Projects\\expo_apps\\labpass\\src\\contexts\\AuthContext.tsx","statementMap":{"0":{"start":{"line":18,"column":20},"end":{"line":18,"column":52}},"1":{"start":{"line":22,"column":49},"end":{"line":22,"column":86}},"2":{"start":{"line":25,"column":4},"end":{"line":25,"column":27}},"3":{"start":{"line":26,"column":4},"end":{"line":26,"column":71}},"4":{"start":{"line":29,"column":19},"end":{"line":34,"column":3}},"5":{"start":{"line":30,"column":39},"end":{"line":30,"column":82}},"6":{"start":{"line":31,"column":17},"end":{"line":31,"column":61}},"7":{"start":{"line":33,"column":4},"end":{"line":33,"column":15}},"8":{"start":{"line":36,"column":29},"end":{"line":38,"column":3}},"9":{"start":{"line":37,"column":4},"end":{"line":37,"column":27}},"10":{"start":{"line":41,"column":4},"end":{"line":41,"column":28}},"11":{"start":{"line":42,"column":4},"end":{"line":42,"column":21}},"12":{"start":{"line":43,"column":4},"end":{"line":43,"column":50}},"13":{"start":{"line":44,"column":4},"end":{"line":44,"column":31}},"14":{"start":{"line":47,"column":2},"end":{"line":53,"column":8}},"15":{"start":{"line":49,"column":4},"end":{"line":51,"column":25}},"16":{"start":{"line":56,"column":2},"end":{"line":67,"column":3}},"17":{"start":{"line":70,"column":23},"end":{"line":70,"column":52}},"18":{"start":{"line":70,"column":29},"end":{"line":70,"column":52}}},"fnMap":{"0":{"name":"AuthProvider","decl":{"start":{"line":20,"column":16},"end":{"line":20,"column":28}},"loc":{"start":{"line":20,"column":64},"end":{"line":68,"column":1}},"line":20},"1":{"name":"saveUserCredential","decl":{"start":{"line":24,"column":11},"end":{"line":24,"column":29}},"loc":{"start":{"line":24,"column":58},"end":{"line":27,"column":3}},"line":24},"2":{"name":"(anonymous_2)","decl":{"start":{"line":29,"column":19},"end":{"line":29,"column":20}},"loc":{"start":{"line":29,"column":63},"end":{"line":34,"column":3}},"line":29},"3":{"name":"(anonymous_3)","decl":{"start":{"line":36,"column":29},"end":{"line":36,"column":30}},"loc":{"start":{"line":36,"column":48},"end":{"line":38,"column":3}},"line":36},"4":{"name":"logout","decl":{"start":{"line":40,"column":17},"end":{"line":40,"column":23}},"loc":{"start":{"line":40,"column":25},"end":{"line":45,"column":3}},"line":40},"5":{"name":"(anonymous_5)","decl":{"start":{"line":47,"column":12},"end":{"line":47,"column":13}},"loc":{"start":{"line":47,"column":18},"end":{"line":53,"column":3}},"line":47},"6":{"name":"(anonymous_6)","decl":{"start":{"line":70,"column":23},"end":{"line":70,"column":24}},"loc":{"start":{"line":70,"column":29},"end":{"line":70,"column":52}},"line":70}},"branchMap":{"0":{"loc":{"start":{"line":26,"column":4},"end":{"line":26,"column":71}},"type":"binary-expr","locations":[{"start":{"line":26,"column":4},"end":{"line":26,"column":8}},{"start":{"line":26,"column":12},"end":{"line":26,"column":71}}],"line":26},"1":{"loc":{"start":{"line":31,"column":17},"end":{"line":31,"column":61}},"type":"cond-expr","locations":[{"start":{"line":31,"column":31},"end":{"line":31,"column":54}},{"start":{"line":31,"column":57},"end":{"line":31,"column":61}}],"line":31}},"s":{"0":0,"1":0,"2":0,"3":0,"4":0,"5":0,"6":0,"7":0,"8":0,"9":0,"10":0,"11":0,"12":0,"13":0,"14":0,"15":0,"16":0,"17":0,"18":0},"f":{"0":0,"1":0,"2":0,"3":0,"4":0,"5":0,"6":0},"b":{"0":[0,0],"1":[0,0]}}
,"D:\\Projects\\expo_apps\\labpass\\src\\contexts\\PasswordsContext.tsx": {"path":"D:\\Projects\\expo_apps\\labpass\\src\\contexts\\PasswordsContext.tsx","statementMap":{"0":{"start":{"line":15,"column":25},"end":{"line":15,"column":62}},"1":{"start":{"line":18,"column":45},"end":{"line":18,"column":72}},"2":{"start":{"line":21,"column":4},"end":{"line":21,"column":51}},"3":{"start":{"line":25,"column":30},"end":{"line":25,"column":81}},"4":{"start":{"line":25,"column":58},"end":{"line":25,"column":80}},"5":{"start":{"line":26,"column":4},"end":{"line":26,"column":38}},"6":{"start":{"line":29,"column":2},"end":{"line":32,"column":8}},"7":{"start":{"line":30,"column":4},"end":{"line":31,"column":77}},"8":{"start":{"line":31,"column":25},"end":{"line":31,"column":76}},"9":{"start":{"line":34,"column":2},"end":{"line":36,"column":30}},"10":{"start":{"line":35,"column":4},"end":{"line":35,"column":77}},"11":{"start":{"line":38,"column":2},"end":{"line":48,"column":3}},"12":{"start":{"line":51,"column":28},"end":{"line":51,"column":62}},"13":{"start":{"line":51,"column":34},"end":{"line":51,"column":62}}},"fnMap":{"0":{"name":"PasswordsProvider","decl":{"start":{"line":17,"column":16},"end":{"line":17,"column":33}},"loc":{"start":{"line":17,"column":74},"end":{"line":49,"column":1}},"line":17},"1":{"name":"addPassword","decl":{"start":{"line":20,"column":11},"end":{"line":20,"column":22}},"loc":{"start":{"line":20,"column":45},"end":{"line":22,"column":3}},"line":20},"2":{"name":"removePassword","decl":{"start":{"line":24,"column":11},"end":{"line":24,"column":25}},"loc":{"start":{"line":24,"column":45},"end":{"line":27,"column":3}},"line":24},"3":{"name":"(anonymous_3)","decl":{"start":{"line":25,"column":50},"end":{"line":25,"column":51}},"loc":{"start":{"line":25,"column":58},"end":{"line":25,"column":80}},"line":25},"4":{"name":"(anonymous_4)","decl":{"start":{"line":29,"column":12},"end":{"line":29,"column":13}},"loc":{"start":{"line":29,"column":18},"end":{"line":32,"column":3}},"line":29},"5":{"name":"(anonymous_5)","decl":{"start":{"line":31,"column":12},"end":{"line":31,"column":13}},"loc":{"start":{"line":31,"column":25},"end":{"line":31,"column":76}},"line":31},"6":{"name":"(anonymous_6)","decl":{"start":{"line":34,"column":12},"end":{"line":34,"column":13}},"loc":{"start":{"line":34,"column":18},"end":{"line":36,"column":3}},"line":34},"7":{"name":"(anonymous_7)","decl":{"start":{"line":51,"column":28},"end":{"line":51,"column":29}},"loc":{"start":{"line":51,"column":34},"end":{"line":51,"column":62}},"line":51}},"branchMap":{"0":{"loc":{"start":{"line":31,"column":25},"end":{"line":31,"column":76}},"type":"binary-expr","locations":[{"start":{"line":31,"column":25},"end":{"line":31,"column":34}},{"start":{"line":31,"column":38},"end":{"line":31,"column":76}}],"line":31}},"s":{"0":0,"1":0,"2":0,"3":0,"4":0,"5":0,"6":0,"7":0,"8":0,"9":0,"10":0,"11":0,"12":0,"13":0},"f":{"0":0,"1":0,"2":0,"3":0,"4":0,"5":0,"6":0,"7":0},"b":{"0":[0,0]}}
,"D:\\Projects\\expo_apps\\labpass\\src\\routes\\index.tsx": {"path":"D:\\Projects\\expo_apps\\labpass\\src\\routes\\index.tsx","statementMap":{"0":{"start":{"line":6,"column":2},"end":{"line":10,"column":3}}},"fnMap":{"0":{"name":"Routes","decl":{"start":{"line":5,"column":16},"end":{"line":5,"column":22}},"loc":{"start":{"line":5,"column":26},"end":{"line":11,"column":1}},"line":5}},"branchMap":{},"s":{"0":0},"f":{"0":0},"b":{}}
,"D:\\Projects\\expo_apps\\labpass\\src\\routes\\stack.routes.tsx": {"path":"D:\\Projects\\expo_apps\\labpass\\src\\routes\\stack.routes.tsx","statementMap":{"0":{"start":{"line":10,"column":31},"end":{"line":10,"column":59}},"1":{"start":{"line":14,"column":2},"end":{"line":46,"column":3}}},"fnMap":{"0":{"name":"StackRoutes","decl":{"start":{"line":12,"column":16},"end":{"line":12,"column":27}},"loc":{"start":{"line":12,"column":31},"end":{"line":47,"column":1}},"line":12}},"branchMap":{},"s":{"0":0,"1":0},"f":{"0":0},"b":{}}
,"D:\\Projects\\expo_apps\\labpass\\src\\screens\\Config\\index.tsx": {"path":"D:\\Projects\\expo_apps\\labpass\\src\\screens\\Config\\index.tsx","statementMap":{"0":{"start":{"line":7,"column":2},"end":{"line":16,"column":3}}},"fnMap":{"0":{"name":"Config","decl":{"start":{"line":6,"column":16},"end":{"line":6,"column":22}},"loc":{"start":{"line":6,"column":24},"end":{"line":17,"column":1}},"line":6},"1":{"name":"(anonymous_1)","decl":{"start":{"line":11,"column":110},"end":{"line":11,"column":111}},"loc":{"start":{"line":11,"column":116},"end":{"line":11,"column":118}},"line":11}},"branchMap":{},"s":{"0":0},"f":{"0":0,"1":0},"b":{}}
,"D:\\Projects\\expo_apps\\labpass\\src\\screens\\Home\\index.tsx": {"path":"D:\\Projects\\expo_apps\\labpass\\src\\screens\\Home\\index.tsx","statementMap":{"0":{"start":{"line":15,"column":24},"end":{"line":15,"column":39}},"1":{"start":{"line":17,"column":38},"end":{"line":17,"column":47}},"2":{"start":{"line":18,"column":44},"end":{"line":18,"column":58}},"3":{"start":{"line":20,"column":23},"end":{"line":20,"column":38}},"4":{"start":{"line":22,"column":25},"end":{"line":28,"column":3}},"5":{"start":{"line":23,"column":39},"end":{"line":23,"column":62}},"6":{"start":{"line":24,"column":4},"end":{"line":27,"column":5}},"7":{"start":{"line":30,"column":19},"end":{"line":34,"column":3}},"8":{"start":{"line":31,"column":4},"end":{"line":31,"column":12}},"9":{"start":{"line":32,"column":4},"end":{"line":32,"column":23}},"10":{"start":{"line":36,"column":2},"end":{"line":100,"column":3}},"11":{"start":{"line":47,"column":12},"end":{"line":49,"column":24}},"12":{"start":{"line":63,"column":36},"end":{"line":63,"column":51}},"13":{"start":{"line":65,"column":14},"end":{"line":73,"column":17}},"14":{"start":{"line":76,"column":14},"end":{"line":83,"column":26}},"15":{"start":{"line":77,"column":16},"end":{"line":80,"column":20}},"16":{"start":{"line":79,"column":20},"end":{"line":79,"column":76}},"17":{"start":{"line":91,"column":23},"end":{"line":91,"column":42}}},"fnMap":{"0":{"name":"Home","decl":{"start":{"line":14,"column":16},"end":{"line":14,"column":20}},"loc":{"start":{"line":14,"column":22},"end":{"line":101,"column":1}},"line":14},"1":{"name":"(anonymous_1)","decl":{"start":{"line":22,"column":25},"end":{"line":22,"column":26}},"loc":{"start":{"line":22,"column":51},"end":{"line":28,"column":3}},"line":22},"2":{"name":"(anonymous_2)","decl":{"start":{"line":30,"column":19},"end":{"line":30,"column":20}},"loc":{"start":{"line":30,"column":25},"end":{"line":34,"column":3}},"line":30},"3":{"name":"(anonymous_3)","decl":{"start":{"line":46,"column":54},"end":{"line":46,"column":55}},"loc":{"start":{"line":46,"column":70},"end":{"line":50,"column":11}},"line":46},"4":{"name":"(anonymous_4)","decl":{"start":{"line":63,"column":26},"end":{"line":63,"column":27}},"loc":{"start":{"line":63,"column":36},"end":{"line":63,"column":51}},"line":63},"5":{"name":"(anonymous_5)","decl":{"start":{"line":64,"column":24},"end":{"line":64,"column":25}},"loc":{"start":{"line":65,"column":14},"end":{"line":73,"column":17}},"line":65},"6":{"name":"(anonymous_6)","decl":{"start":{"line":75,"column":31},"end":{"line":75,"column":32}},"loc":{"start":{"line":76,"column":14},"end":{"line":83,"column":26}},"line":76},"7":{"name":"(anonymous_7)","decl":{"start":{"line":76,"column":34},"end":{"line":76,"column":35}},"loc":{"start":{"line":76,"column":40},"end":{"line":81,"column":15}},"line":76},"8":{"name":"(anonymous_8)","decl":{"start":{"line":78,"column":24},"end":{"line":78,"column":25}},"loc":{"start":{"line":78,"column":36},"end":{"line":80,"column":19}},"line":78},"9":{"name":"(anonymous_9)","decl":{"start":{"line":91,"column":17},"end":{"line":91,"column":18}},"loc":{"start":{"line":91,"column":23},"end":{"line":91,"column":42}},"line":91}},"branchMap":{"0":{"loc":{"start":{"line":48,"column":61},"end":{"line":48,"column":104}},"type":"binary-expr","locations":[{"start":{"line":48,"column":61},"end":{"line":48,"column":91}},{"start":{"line":48,"column":95},"end":{"line":48,"column":104}}],"line":48},"1":{"loc":{"start":{"line":55,"column":9},"end":{"line":86,"column":12}},"type":"cond-expr","locations":[{"start":{"line":56,"column":12},"end":{"line":58,"column":19}},{"start":{"line":59,"column":12},"end":{"line":86,"column":12}}],"line":55},"2":{"loc":{"start":{"line":79,"column":20},"end":{"line":79,"column":76}},"type":"binary-expr","locations":[{"start":{"line":79,"column":20},"end":{"line":79,"column":36}},{"start":{"line":79,"column":40},"end":{"line":79,"column":76}}],"line":79}},"s":{"0":0,"1":0,"2":0,"3":0,"4":0,"5":0,"6":0,"7":0,"8":0,"9":0,"10":0,"11":0,"12":0,"13":0,"14":0,"15":0,"16":0,"17":0},"f":{"0":0,"1":0,"2":0,"3":0,"4":0,"5":0,"6":0,"7":0,"8":0,"9":0},"b":{"0":[0,0],"1":[0,0],"2":[0,0]}}
,"D:\\Projects\\expo_apps\\labpass\\src\\screens\\Login\\index.tsx": {"path":"D:\\Projects\\expo_apps\\labpass\\src\\screens\\Login\\index.tsx","statementMap":{"0":{"start":{"line":19,"column":24},"end":{"line":19,"column":39}},"1":{"start":{"line":20,"column":34},"end":{"line":20,"column":43}},"2":{"start":{"line":22,"column":37},"end":{"line":22,"column":52}},"3":{"start":{"line":23,"column":39},"end":{"line":23,"column":54}},"4":{"start":{"line":25,"column":31},"end":{"line":28,"column":4}},"5":{"start":{"line":30,"column":61},"end":{"line":32,"column":4}},"6":{"start":{"line":34,"column":46},"end":{"line":50,"column":3}},"7":{"start":{"line":35,"column":4},"end":{"line":35,"column":22}},"8":{"start":{"line":36,"column":4},"end":{"line":49,"column":41}},"9":{"start":{"line":40,"column":8},"end":{"line":42,"column":9}},"10":{"start":{"line":41,"column":10},"end":{"line":41,"column":54}},"11":{"start":{"line":44,"column":8},"end":{"line":44,"column":83}},"12":{"start":{"line":45,"column":8},"end":{"line":45,"column":41}},"13":{"start":{"line":46,"column":8},"end":{"line":46,"column":24}},"14":{"start":{"line":49,"column":21},"end":{"line":49,"column":40}},"15":{"start":{"line":52,"column":2},"end":{"line":99,"column":3}},"16":{"start":{"line":72,"column":44},"end":{"line":72,"column":66}},"17":{"start":{"line":93,"column":31},"end":{"line":93,"column":50}}},"fnMap":{"0":{"name":"Login","decl":{"start":{"line":18,"column":16},"end":{"line":18,"column":21}},"loc":{"start":{"line":18,"column":23},"end":{"line":100,"column":1}},"line":18},"1":{"name":"(anonymous_1)","decl":{"start":{"line":34,"column":46},"end":{"line":34,"column":47}},"loc":{"start":{"line":34,"column":70},"end":{"line":50,"column":3}},"line":34},"2":{"name":"(anonymous_2)","decl":{"start":{"line":39,"column":12},"end":{"line":39,"column":13}},"loc":{"start":{"line":39,"column":24},"end":{"line":47,"column":7}},"line":39},"3":{"name":"(anonymous_3)","decl":{"start":{"line":49,"column":15},"end":{"line":49,"column":16}},"loc":{"start":{"line":49,"column":21},"end":{"line":49,"column":40}},"line":49},"4":{"name":"(anonymous_4)","decl":{"start":{"line":72,"column":38},"end":{"line":72,"column":39}},"loc":{"start":{"line":72,"column":44},"end":{"line":72,"column":66}},"line":72},"5":{"name":"(anonymous_5)","decl":{"start":{"line":93,"column":25},"end":{"line":93,"column":26}},"loc":{"start":{"line":93,"column":31},"end":{"line":93,"column":50}},"line":93}},"branchMap":{"0":{"loc":{"start":{"line":40,"column":8},"end":{"line":42,"column":9}},"type":"if","locations":[{"start":{"line":40,"column":8},"end":{"line":42,"column":9}},{"start":{},"end":{}}],"line":40},"1":{"loc":{"start":{"line":55,"column":40},"end":{"line":55,"column":71}},"type":"binary-expr","locations":[{"start":{"line":55,"column":40},"end":{"line":55,"column":52}},{"start":{"line":55,"column":56},"end":{"line":55,"column":71}}],"line":55},"2":{"loc":{"start":{"line":73,"column":60},"end":{"line":73,"column":104}},"type":"cond-expr","locations":[{"start":{"line":73,"column":71},"end":{"line":73,"column":84}},{"start":{"line":73,"column":87},"end":{"line":73,"column":104}}],"line":73}},"s":{"0":0,"1":0,"2":0,"3":0,"4":0,"5":0,"6":0,"7":0,"8":0,"9":0,"10":0,"11":0,"12":0,"13":0,"14":0,"15":0,"16":0,"17":0},"f":{"0":0,"1":0,"2":0,"3":0,"4":0,"5":0},"b":{"0":[0,0],"1":[0,0],"2":[0,0]}}
,"D:\\Projects\\expo_apps\\labpass\\src\\screens\\NewPass\\index.tsx": {"path":"D:\\Projects\\expo_apps\\labpass\\src\\screens\\NewPass\\index.tsx","statementMap":{"0":{"start":{"line":7,"column":2},"end":{"line":13,"column":3}}},"fnMap":{"0":{"name":"NewPass","decl":{"start":{"line":5,"column":16},"end":{"line":5,"column":23}},"loc":{"start":{"line":5,"column":25},"end":{"line":14,"column":1}},"line":5}},"branchMap":{},"s":{"0":0},"f":{"0":0},"b":{}}
,"D:\\Projects\\expo_apps\\labpass\\src\\screens\\NewPass\\blocks\\Form\\index.tsx": {"path":"D:\\Projects\\expo_apps\\labpass\\src\\screens\\NewPass\\blocks\\Form\\index.tsx","statementMap":{"0":{"start":{"line":26,"column":24},"end":{"line":26,"column":39}},"1":{"start":{"line":27,"column":27},"end":{"line":27,"column":41}},"2":{"start":{"line":29,"column":37},"end":{"line":29,"column":52}},"3":{"start":{"line":31,"column":31},"end":{"line":35,"column":4}},"4":{"start":{"line":37,"column":61},"end":{"line":39,"column":4}},"5":{"start":{"line":41,"column":62},"end":{"line":45,"column":5}},"6":{"start":{"line":41,"column":104},"end":{"line":45,"column":3}},"7":{"start":{"line":47,"column":24},"end":{"line":60,"column":3}},"8":{"start":{"line":48,"column":17},"end":{"line":48,"column":43}},"9":{"start":{"line":50,"column":4},"end":{"line":50,"column":20}},"10":{"start":{"line":50,"column":14},"end":{"line":50,"column":20}},"11":{"start":{"line":52,"column":31},"end":{"line":57,"column":5}},"12":{"start":{"line":59,"column":4},"end":{"line":59,"column":18}},"13":{"start":{"line":62,"column":49},"end":{"line":69,"column":3}},"14":{"start":{"line":63,"column":21},"end":{"line":63,"column":40}},"15":{"start":{"line":65,"column":4},"end":{"line":65,"column":24}},"16":{"start":{"line":65,"column":18},"end":{"line":65,"column":24}},"17":{"start":{"line":67,"column":4},"end":{"line":67,"column":25}},"18":{"start":{"line":68,"column":4},"end":{"line":68,"column":20}},"19":{"start":{"line":71,"column":2},"end":{"line":122,"column":3}},"20":{"start":{"line":97,"column":40},"end":{"line":97,"column":62}},"21":{"start":{"line":115,"column":27},"end":{"line":115,"column":43}}},"fnMap":{"0":{"name":"Form","decl":{"start":{"line":24,"column":16},"end":{"line":24,"column":20}},"loc":{"start":{"line":24,"column":22},"end":{"line":123,"column":1}},"line":24},"1":{"name":"(anonymous_1)","decl":{"start":{"line":41,"column":91},"end":{"line":41,"column":92}},"loc":{"start":{"line":41,"column":104},"end":{"line":45,"column":3}},"line":41},"2":{"name":"(anonymous_2)","decl":{"start":{"line":47,"column":24},"end":{"line":47,"column":25}},"loc":{"start":{"line":47,"column":49},"end":{"line":60,"column":3}},"line":47},"3":{"name":"(anonymous_3)","decl":{"start":{"line":62,"column":49},"end":{"line":62,"column":50}},"loc":{"start":{"line":62,"column":76},"end":{"line":69,"column":3}},"line":62},"4":{"name":"(anonymous_4)","decl":{"start":{"line":97,"column":34},"end":{"line":97,"column":35}},"loc":{"start":{"line":97,"column":40},"end":{"line":97,"column":62}},"line":97},"5":{"name":"(anonymous_5)","decl":{"start":{"line":115,"column":21},"end":{"line":115,"column":22}},"loc":{"start":{"line":115,"column":27},"end":{"line":115,"column":43}},"line":115}},"branchMap":{"0":{"loc":{"start":{"line":50,"column":4},"end":{"line":50,"column":20}},"type":"if","locations":[{"start":{"line":50,"column":4},"end":{"line":50,"column":20}},{"start":{},"end":{}}],"line":50},"1":{"loc":{"start":{"line":65,"column":4},"end":{"line":65,"column":24}},"type":"if","locations":[{"start":{"line":65,"column":4},"end":{"line":65,"column":24}},{"start":{},"end":{}}],"line":65},"2":{"loc":{"start":{"line":72,"column":36},"end":{"line":72,"column":92}},"type":"binary-expr","locations":[{"start":{"line":72,"column":36},"end":{"line":72,"column":51}},{"start":{"line":72,"column":55},"end":{"line":72,"column":73}},{"start":{"line":72,"column":77},"end":{"line":72,"column":92}}],"line":72},"3":{"loc":{"start":{"line":98,"column":56},"end":{"line":98,"column":100}},"type":"cond-expr","locations":[{"start":{"line":98,"column":67},"end":{"line":98,"column":80}},{"start":{"line":98,"column":83},"end":{"line":98,"column":100}}],"line":98}},"s":{"0":0,"1":0,"2":0,"3":0,"4":0,"5":0,"6":0,"7":0,"8":0,"9":0,"10":0,"11":0,"12":0,"13":0,"14":0,"15":0,"16":0,"17":0,"18":0,"19":0,"20":0,"21":0},"f":{"0":0,"1":0,"2":0,"3":0,"4":0,"5":0},"b":{"0":[0,0],"1":[0,0],"2":[0,0,0],"3":[0,0]}}
,"D:\\Projects\\expo_apps\\labpass\\src\\screens\\Register\\index.tsx": {"path":"D:\\Projects\\expo_apps\\labpass\\src\\screens\\Register\\index.tsx","statementMap":{"0":{"start":{"line":15,"column":45},"end":{"line":15,"column":57}},"1":{"start":{"line":16,"column":29},"end":{"line":16,"column":61}},"2":{"start":{"line":17,"column":32},"end":{"line":17,"column":47}},"3":{"start":{"line":19,"column":31},"end":{"line":22,"column":4}},"4":{"start":{"line":24,"column":61},"end":{"line":26,"column":4}},"5":{"start":{"line":30,"column":4},"end":{"line":32,"column":5}},"6":{"start":{"line":31,"column":6},"end":{"line":31,"column":64}},"7":{"start":{"line":36,"column":4},"end":{"line":36,"column":20}},"8":{"start":{"line":39,"column":2},"end":{"line":102,"column":3}},"9":{"start":{"line":96,"column":29},"end":{"line":96,"column":37}}},"fnMap":{"0":{"name":"Register","decl":{"start":{"line":14,"column":16},"end":{"line":14,"column":24}},"loc":{"start":{"line":14,"column":26},"end":{"line":103,"column":1}},"line":14},"1":{"name":"onSubmit","decl":{"start":{"line":28,"column":17},"end":{"line":28,"column":25}},"loc":{"start":{"line":28,"column":27},"end":{"line":37,"column":3}},"line":28},"2":{"name":"(anonymous_2)","decl":{"start":{"line":96,"column":23},"end":{"line":96,"column":24}},"loc":{"start":{"line":96,"column":29},"end":{"line":96,"column":37}},"line":96}},"branchMap":{"0":{"loc":{"start":{"line":30,"column":4},"end":{"line":32,"column":5}},"type":"if","locations":[{"start":{"line":30,"column":4},"end":{"line":32,"column":5}},{"start":{},"end":{}}],"line":30},"1":{"loc":{"start":{"line":30,"column":7},"end":{"line":30,"column":83}},"type":"binary-expr","locations":[{"start":{"line":30,"column":7},"end":{"line":30,"column":21}},{"start":{"line":30,"column":25},"end":{"line":30,"column":35}},{"start":{"line":30,"column":39},"end":{"line":30,"column":50}},{"start":{"line":30,"column":54},"end":{"line":30,"column":65}},{"start":{"line":30,"column":69},"end":{"line":30,"column":83}}],"line":30},"2":{"loc":{"start":{"line":84,"column":23},"end":{"line":84,"column":45}},"type":"cond-expr","locations":[{"start":{"line":84,"column":38},"end":{"line":84,"column":41}},{"start":{"line":84,"column":44},"end":{"line":84,"column":45}}],"line":84}},"s":{"0":0,"1":0,"2":0,"3":0,"4":0,"5":0,"6":0,"7":0,"8":0,"9":0},"f":{"0":0,"1":0,"2":0},"b":{"0":[0,0],"1":[0,0,0,0,0],"2":[0,0]}}
,"D:\\Projects\\expo_apps\\labpass\\src\\screens\\Welcome\\index.tsx": {"path":"D:\\Projects\\expo_apps\\labpass\\src\\screens\\Welcome\\index.tsx","statementMap":{"0":{"start":{"line":13,"column":24},"end":{"line":13,"column":39}},"1":{"start":{"line":14,"column":40},"end":{"line":14,"column":55}},"2":{"start":{"line":15,"column":30},"end":{"line":15,"column":39}},"3":{"start":{"line":17,"column":33},"end":{"line":17,"column":48}},"4":{"start":{"line":18,"column":43},"end":{"line":18,"column":58}},"5":{"start":{"line":20,"column":20},"end":{"line":20,"column":32}},"6":{"start":{"line":22,"column":18},"end":{"line":24,"column":3}},"7":{"start":{"line":23,"column":4},"end":{"line":23,"column":20}},"8":{"start":{"line":26,"column":20},"end":{"line":29,"column":3}},"9":{"start":{"line":27,"column":4},"end":{"line":27,"column":20}},"10":{"start":{"line":28,"column":4},"end":{"line":28,"column":56}},"11":{"start":{"line":32,"column":4},"end":{"line":32,"column":20}},"12":{"start":{"line":37,"column":23},"end":{"line":37,"column":46}},"13":{"start":{"line":38,"column":4},"end":{"line":54,"column":5}},"14":{"start":{"line":39,"column":6},"end":{"line":50,"column":10}},"15":{"start":{"line":41,"column":10},"end":{"line":49,"column":11}},"16":{"start":{"line":42,"column":12},"end":{"line":42,"column":32}},"17":{"start":{"line":44,"column":25},"end":{"line":44,"column":68}},"18":{"start":{"line":45,"column":12},"end":{"line":45,"column":28}},"19":{"start":{"line":45,"column":22},"end":{"line":45,"column":28}},"20":{"start":{"line":47,"column":12},"end":{"line":47,"column":20}},"21":{"start":{"line":52,"column":6},"end":{"line":52,"column":27}},"22":{"start":{"line":53,"column":6},"end":{"line":53,"column":24}},"23":{"start":{"line":57,"column":2},"end":{"line":60,"column":8}},"24":{"start":{"line":58,"column":4},"end":{"line":58,"column":21}},"25":{"start":{"line":62,"column":2},"end":{"line":88,"column":3}}},"fnMap":{"0":{"name":"Welcome","decl":{"start":{"line":12,"column":16},"end":{"line":12,"column":23}},"loc":{"start":{"line":12,"column":25},"end":{"line":89,"column":1}},"line":12},"1":{"name":"(anonymous_1)","decl":{"start":{"line":22,"column":18},"end":{"line":22,"column":19}},"loc":{"start":{"line":22,"column":24},"end":{"line":24,"column":3}},"line":22},"2":{"name":"(anonymous_2)","decl":{"start":{"line":26,"column":20},"end":{"line":26,"column":21}},"loc":{"start":{"line":26,"column":26},"end":{"line":29,"column":3}},"line":26},"3":{"name":"toHome","decl":{"start":{"line":31,"column":11},"end":{"line":31,"column":17}},"loc":{"start":{"line":31,"column":19},"end":{"line":33,"column":3}},"line":31},"4":{"name":"takeAuthPattern","decl":{"start":{"line":35,"column":17},"end":{"line":35,"column":32}},"loc":{"start":{"line":35,"column":34},"end":{"line":55,"column":3}},"line":35},"5":{"name":"(anonymous_5)","decl":{"start":{"line":40,"column":14},"end":{"line":40,"column":15}},"loc":{"start":{"line":40,"column":32},"end":{"line":50,"column":9}},"line":40},"6":{"name":"(anonymous_6)","decl":{"start":{"line":57,"column":12},"end":{"line":57,"column":13}},"loc":{"start":{"line":57,"column":18},"end":{"line":60,"column":3}},"line":57}},"branchMap":{"0":{"loc":{"start":{"line":38,"column":4},"end":{"line":54,"column":5}},"type":"if","locations":[{"start":{"line":38,"column":4},"end":{"line":54,"column":5}},{"start":{"line":51,"column":10},"end":{"line":54,"column":5}}],"line":38},"1":{"loc":{"start":{"line":41,"column":10},"end":{"line":49,"column":11}},"type":"if","locations":[{"start":{"line":41,"column":10},"end":{"line":49,"column":11}},{"start":{},"end":{}}],"line":41},"2":{"loc":{"start":{"line":45,"column":12},"end":{"line":45,"column":28}},"type":"if","locations":[{"start":{"line":45,"column":12},"end":{"line":45,"column":28}},{"start":{},"end":{}}],"line":45}},"s":{"0":0,"1":0,"2":0,"3":0,"4":0,"5":0,"6":0,"7":0,"8":0,"9":0,"10":0,"11":0,"12":0,"13":0,"14":0,"15":0,"16":0,"17":0,"18":0,"19":0,"20":0,"21":0,"22":0,"23":0,"24":0,"25":0},"f":{"0":0,"1":0,"2":0,"3":0,"4":0,"5":0,"6":0},"b":{"0":[0,0],"1":[0,0],"2":[0,0]}}
,"D:\\Projects\\expo_apps\\labpass\\src\\screens\\Welcome\\blocks\\SociaButtons.tsx": {"path":"D:\\Projects\\expo_apps\\labpass\\src\\screens\\Welcome\\blocks\\SociaButtons.tsx","statementMap":{"0":{"start":{"line":18,"column":24},"end":{"line":18,"column":39}},"1":{"start":{"line":20,"column":53},"end":{"line":20,"column":68}},"2":{"start":{"line":22,"column":35},"end":{"line":22,"column":50}},"3":{"start":{"line":24,"column":20},"end":{"line":24,"column":32}},"4":{"start":{"line":26,"column":28},"end":{"line":28,"column":3}},"5":{"start":{"line":27,"column":4},"end":{"line":27,"column":30}},"6":{"start":{"line":30,"column":30},"end":{"line":32,"column":3}},"7":{"start":{"line":31,"column":4},"end":{"line":31,"column":30}},"8":{"start":{"line":34,"column":29},"end":{"line":36,"column":4}},"9":{"start":{"line":38,"column":31},"end":{"line":40,"column":4}},"10":{"start":{"line":42,"column":2},"end":{"line":104,"column":3}},"11":{"start":{"line":48,"column":10},"end":{"line":48,"column":26}},"12":{"start":{"line":49,"column":10},"end":{"line":52,"column":45}},"13":{"start":{"line":50,"column":24},"end":{"line":50,"column":40}},"14":{"start":{"line":51,"column":25},"end":{"line":51,"column":50}},"15":{"start":{"line":52,"column":27},"end":{"line":52,"column":44}},"16":{"start":{"line":65,"column":10},"end":{"line":65,"column":26}},"17":{"start":{"line":66,"column":10},"end":{"line":69,"column":45}},"18":{"start":{"line":67,"column":24},"end":{"line":67,"column":40}},"19":{"start":{"line":68,"column":25},"end":{"line":68,"column":50}},"20":{"start":{"line":69,"column":27},"end":{"line":69,"column":44}}},"fnMap":{"0":{"name":"SocialButtons","decl":{"start":{"line":16,"column":16},"end":{"line":16,"column":29}},"loc":{"start":{"line":16,"column":67},"end":{"line":105,"column":1}},"line":16},"1":{"name":"(anonymous_1)","decl":{"start":{"line":26,"column":28},"end":{"line":26,"column":29}},"loc":{"start":{"line":26,"column":34},"end":{"line":28,"column":3}},"line":26},"2":{"name":"(anonymous_2)","decl":{"start":{"line":30,"column":30},"end":{"line":30,"column":31}},"loc":{"start":{"line":30,"column":36},"end":{"line":32,"column":3}},"line":30},"3":{"name":"(anonymous_3)","decl":{"start":{"line":47,"column":17},"end":{"line":47,"column":18}},"loc":{"start":{"line":47,"column":23},"end":{"line":53,"column":9}},"line":47},"4":{"name":"(anonymous_4)","decl":{"start":{"line":50,"column":18},"end":{"line":50,"column":19}},"loc":{"start":{"line":50,"column":24},"end":{"line":50,"column":40}},"line":50},"5":{"name":"(anonymous_5)","decl":{"start":{"line":51,"column":19},"end":{"line":51,"column":20}},"loc":{"start":{"line":51,"column":25},"end":{"line":51,"column":50}},"line":51},"6":{"name":"(anonymous_6)","decl":{"start":{"line":52,"column":21},"end":{"line":52,"column":22}},"loc":{"start":{"line":52,"column":27},"end":{"line":52,"column":44}},"line":52},"7":{"name":"(anonymous_7)","decl":{"start":{"line":64,"column":17},"end":{"line":64,"column":18}},"loc":{"start":{"line":64,"column":23},"end":{"line":70,"column":9}},"line":64},"8":{"name":"(anonymous_8)","decl":{"start":{"line":67,"column":18},"end":{"line":67,"column":19}},"loc":{"start":{"line":67,"column":24},"end":{"line":67,"column":40}},"line":67},"9":{"name":"(anonymous_9)","decl":{"start":{"line":68,"column":19},"end":{"line":68,"column":20}},"loc":{"start":{"line":68,"column":25},"end":{"line":68,"column":50}},"line":68},"10":{"name":"(anonymous_10)","decl":{"start":{"line":69,"column":21},"end":{"line":69,"column":22}},"loc":{"start":{"line":69,"column":27},"end":{"line":69,"column":44}},"line":69},"11":{"name":"(anonymous_11)","decl":{"start":{"line":81,"column":17},"end":{"line":81,"column":18}},"loc":{"start":{"line":81,"column":23},"end":{"line":81,"column":25}},"line":81}},"branchMap":{"0":{"loc":{"start":{"line":79,"column":7},"end":{"line":88,"column":8}},"type":"binary-expr","locations":[{"start":{"line":79,"column":7},"end":{"line":79,"column":28}},{"start":{"line":79,"column":32},"end":{"line":88,"column":8}}],"line":79},"1":{"loc":{"start":{"line":101,"column":9},"end":{"line":101,"column":58}},"type":"binary-expr","locations":[{"start":{"line":101,"column":9},"end":{"line":101,"column":16}},{"start":{"line":101,"column":20},"end":{"line":101,"column":58}}],"line":101}},"s":{"0":0,"1":0,"2":0,"3":0,"4":0,"5":0,"6":0,"7":0,"8":0,"9":0,"10":0,"11":0,"12":0,"13":0,"14":0,"15":0,"16":0,"17":0,"18":0,"19":0,"20":0},"f":{"0":0,"1":0,"2":0,"3":0,"4":0,"5":0,"6":0,"7":0,"8":0,"9":0,"10":0,"11":0},"b":{"0":[0,0],"1":[0,0]}}
}
