TN:
SF:src\components\ListItem\index.tsx
FN:17,ListItem
FN:30,(anonymous_1)
FN:41,(anonymous_2)
FN:44,passObscure
FN:45,(anonymous_4)
FN:48,copyPass
FNF:6
FNH:3
FNDA:1,ListItem
FNDA:0,(anonymous_1)
FNDA:0,(anonymous_2)
FNDA:1,passObscure
FNDA:6,(anonymous_4)
FNDA:0,copyPass
DA:25,1
DA:26,1
DA:28,1
DA:30,1
DA:32,0
DA:34,0
DA:36,0
DA:38,0
DA:41,1
DA:42,1
DA:45,6
DA:50,0
DA:52,0
DA:54,0
DA:59,1
LF:15
LH:8
BRDA:34,0,0,0
BRDA:34,0,1,0
BRDA:38,1,0,0
BRDA:38,1,1,0
BRDA:70,2,0,1
BRDA:70,2,1,0
BRDA:73,3,0,1
BRDA:73,3,1,0
BRF:8
BRH:2
end_of_record
TN:
SF:src\components\Logo\index.tsx
FN:4,Logo
FNF:1
FNH:0
FNDA:0,Logo
DA:5,0
LF:1
LH:0
BRF:0
BRH:0
end_of_record
TN:
SF:src\components\MyAlertDialog\index.tsx
FN:17,MyAlertDialog
FNF:1
FNH:0
FNDA:0,MyAlertDialog
DA:28,0
LF:1
LH:0
BRDA:31,0,0,0
BRDA:31,0,1,0
BRDA:34,1,0,0
BRDA:34,1,1,0
BRDA:34,2,0,0
BRDA:34,2,1,0
BRDA:37,3,0,0
BRDA:37,3,1,0
BRDA:38,4,0,0
BRDA:38,4,1,0
BRDA:41,5,0,0
BRDA:41,5,1,0
BRDA:42,6,0,0
BRDA:42,6,1,0
BRF:14
BRH:0
end_of_record
TN:
SF:src\components\MyButton\index.tsx
FN:18,MyButton
FN:31,(anonymous_1)
FNF:2
FNH:0
FNDA:0,MyButton
FNDA:0,(anonymous_1)
DA:30,0
DA:31,0
LF:2
LH:0
BRDA:31,0,0,0
BRDA:31,0,1,0
BRDA:31,1,0,0
BRDA:31,1,1,0
BRDA:31,2,0,0
BRDA:31,2,1,0
BRDA:33,3,0,0
BRDA:33,3,1,0
BRDA:35,4,0,0
BRDA:35,4,1,0
BRF:10
BRH:0
end_of_record
TN:
SF:src\components\MyInput\index.tsx
FN:15,MyInput
FN:28,(anonymous_1)
FNF:2
FNH:0
FNDA:0,MyInput
FNDA:0,(anonymous_1)
DA:24,0
DA:29,0
LF:2
LH:0
BRF:0
BRH:0
end_of_record
TN:
SF:src\components\MySelect\index.tsx
FN:17,MySelect
FN:28,(anonymous_1)
FN:44,(anonymous_2)
FNF:3
FNH:0
FNDA:0,MySelect
FNDA:0,(anonymous_1)
FNDA:0,(anonymous_2)
DA:24,0
DA:29,0
DA:45,0
LF:3
LH:0
BRF:0
BRH:0
end_of_record
TN:
SF:src\components\PageTitle\index.tsx
FN:9,PageTitle
FNF:1
FNH:1
FNDA:1,PageTitle
DA:13,1
LF:1
LH:1
BRF:0
BRH:0
end_of_record
TN:
SF:src\contexts\AuthContext.tsx
FN:20,AuthProvider
FN:24,saveUserCredential
FN:29,(anonymous_2)
FN:36,(anonymous_3)
FN:40,logout
FN:47,(anonymous_5)
FN:70,(anonymous_6)
FNF:7
FNH:0
FNDA:0,AuthProvider
FNDA:0,saveUserCredential
FNDA:0,(anonymous_2)
FNDA:0,(anonymous_3)
FNDA:0,logout
FNDA:0,(anonymous_5)
FNDA:0,(anonymous_6)
DA:18,0
DA:22,0
DA:25,0
DA:26,0
DA:29,0
DA:30,0
DA:31,0
DA:33,0
DA:36,0
DA:37,0
DA:41,0
DA:42,0
DA:43,0
DA:44,0
DA:47,0
DA:49,0
DA:56,0
DA:70,0
LF:18
LH:0
BRDA:26,0,0,0
BRDA:26,0,1,0
BRDA:31,1,0,0
BRDA:31,1,1,0
BRF:4
BRH:0
end_of_record
TN:
SF:src\contexts\PasswordsContext.tsx
FN:17,PasswordsProvider
FN:20,addPassword
FN:24,removePassword
FN:25,(anonymous_3)
FN:29,(anonymous_4)
FN:31,(anonymous_5)
FN:34,(anonymous_6)
FN:51,(anonymous_7)
FNF:8
FNH:0
FNDA:0,PasswordsProvider
FNDA:0,addPassword
FNDA:0,removePassword
FNDA:0,(anonymous_3)
FNDA:0,(anonymous_4)
FNDA:0,(anonymous_5)
FNDA:0,(anonymous_6)
FNDA:0,(anonymous_7)
DA:15,0
DA:18,0
DA:21,0
DA:25,0
DA:26,0
DA:29,0
DA:30,0
DA:31,0
DA:34,0
DA:35,0
DA:38,0
DA:51,0
LF:12
LH:0
BRDA:31,0,0,0
BRDA:31,0,1,0
BRF:2
BRH:0
end_of_record
TN:
SF:src\routes\index.tsx
FN:5,Routes
FNF:1
FNH:0
FNDA:0,Routes
DA:6,0
LF:1
LH:0
BRF:0
BRH:0
end_of_record
TN:
SF:src\routes\stack.routes.tsx
FN:12,StackRoutes
FNF:1
FNH:0
FNDA:0,StackRoutes
DA:10,0
DA:14,0
LF:2
LH:0
BRF:0
BRH:0
end_of_record
TN:
SF:src\screens\Config\index.tsx
FN:6,Config
FN:11,(anonymous_1)
FNF:2
FNH:0
FNDA:0,Config
FNDA:0,(anonymous_1)
DA:7,0
LF:1
LH:0
BRF:0
BRH:0
end_of_record
TN:
SF:src\screens\Home\index.tsx
FN:14,Home
FN:22,(anonymous_1)
FN:30,(anonymous_2)
FN:46,(anonymous_3)
FN:63,(anonymous_4)
FN:64,(anonymous_5)
FN:75,(anonymous_6)
FN:76,(anonymous_7)
FN:78,(anonymous_8)
FN:91,(anonymous_9)
FNF:10
FNH:0
FNDA:0,Home
FNDA:0,(anonymous_1)
FNDA:0,(anonymous_2)
FNDA:0,(anonymous_3)
FNDA:0,(anonymous_4)
FNDA:0,(anonymous_5)
FNDA:0,(anonymous_6)
FNDA:0,(anonymous_7)
FNDA:0,(anonymous_8)
FNDA:0,(anonymous_9)
DA:15,0
DA:17,0
DA:18,0
DA:20,0
DA:22,0
DA:23,0
DA:24,0
DA:30,0
DA:31,0
DA:32,0
DA:36,0
DA:47,0
DA:63,0
DA:65,0
DA:76,0
DA:77,0
DA:79,0
DA:91,0
LF:18
LH:0
BRDA:48,0,0,0
BRDA:48,0,1,0
BRDA:55,1,0,0
BRDA:55,1,1,0
BRDA:79,2,0,0
BRDA:79,2,1,0
BRF:6
BRH:0
end_of_record
TN:
SF:src\screens\Login\index.tsx
FN:18,Login
FN:34,(anonymous_1)
FN:39,(anonymous_2)
FN:49,(anonymous_3)
FN:72,(anonymous_4)
FN:93,(anonymous_5)
FNF:6
FNH:0
FNDA:0,Login
FNDA:0,(anonymous_1)
FNDA:0,(anonymous_2)
FNDA:0,(anonymous_3)
FNDA:0,(anonymous_4)
FNDA:0,(anonymous_5)
DA:19,0
DA:20,0
DA:22,0
DA:23,0
DA:25,0
DA:30,0
DA:34,0
DA:35,0
DA:36,0
DA:40,0
DA:41,0
DA:44,0
DA:45,0
DA:46,0
DA:49,0
DA:52,0
DA:72,0
DA:93,0
LF:18
LH:0
BRDA:40,0,0,0
BRDA:40,0,1,0
BRDA:55,1,0,0
BRDA:55,1,1,0
BRDA:73,2,0,0
BRDA:73,2,1,0
BRF:6
BRH:0
end_of_record
TN:
SF:src\screens\NewPass\index.tsx
FN:5,NewPass
FNF:1
FNH:0
FNDA:0,NewPass
DA:7,0
LF:1
LH:0
BRF:0
BRH:0
end_of_record
TN:
SF:src\screens\NewPass\blocks\Form\index.tsx
FN:24,Form
FN:41,(anonymous_1)
FN:47,(anonymous_2)
FN:62,(anonymous_3)
FN:97,(anonymous_4)
FN:115,(anonymous_5)
FNF:6
FNH:0
FNDA:0,Form
FNDA:0,(anonymous_1)
FNDA:0,(anonymous_2)
FNDA:0,(anonymous_3)
FNDA:0,(anonymous_4)
FNDA:0,(anonymous_5)
DA:26,0
DA:27,0
DA:29,0
DA:31,0
DA:37,0
DA:41,0
DA:47,0
DA:48,0
DA:50,0
DA:52,0
DA:59,0
DA:62,0
DA:63,0
DA:65,0
DA:67,0
DA:68,0
DA:71,0
DA:97,0
DA:115,0
LF:19
LH:0
BRDA:50,0,0,0
BRDA:50,0,1,0
BRDA:65,1,0,0
BRDA:65,1,1,0
BRDA:72,2,0,0
BRDA:72,2,1,0
BRDA:72,2,2,0
BRDA:98,3,0,0
BRDA:98,3,1,0
BRF:9
BRH:0
end_of_record
TN:
SF:src\screens\Register\index.tsx
FN:14,Register
FN:28,onSubmit
FN:96,(anonymous_2)
FNF:3
FNH:0
FNDA:0,Register
FNDA:0,onSubmit
FNDA:0,(anonymous_2)
DA:15,0
DA:16,0
DA:17,0
DA:19,0
DA:24,0
DA:30,0
DA:31,0
DA:36,0
DA:39,0
DA:96,0
LF:10
LH:0
BRDA:30,0,0,0
BRDA:30,0,1,0
BRDA:30,1,0,0
BRDA:30,1,1,0
BRDA:30,1,2,0
BRDA:30,1,3,0
BRDA:30,1,4,0
BRDA:84,2,0,0
BRDA:84,2,1,0
BRF:9
BRH:0
end_of_record
TN:
SF:src\screens\Welcome\index.tsx
FN:12,Welcome
FN:22,(anonymous_1)
FN:26,(anonymous_2)
FN:31,toHome
FN:35,takeAuthPattern
FN:40,(anonymous_5)
FN:57,(anonymous_6)
FNF:7
FNH:0
FNDA:0,Welcome
FNDA:0,(anonymous_1)
FNDA:0,(anonymous_2)
FNDA:0,toHome
FNDA:0,takeAuthPattern
FNDA:0,(anonymous_5)
FNDA:0,(anonymous_6)
DA:13,0
DA:14,0
DA:15,0
DA:17,0
DA:18,0
DA:20,0
DA:22,0
DA:23,0
DA:26,0
DA:27,0
DA:28,0
DA:32,0
DA:37,0
DA:38,0
DA:39,0
DA:41,0
DA:42,0
DA:44,0
DA:45,0
DA:47,0
DA:52,0
DA:53,0
DA:57,0
DA:58,0
DA:62,0
LF:25
LH:0
BRDA:38,0,0,0
BRDA:38,0,1,0
BRDA:41,1,0,0
BRDA:41,1,1,0
BRDA:45,2,0,0
BRDA:45,2,1,0
BRF:6
BRH:0
end_of_record
TN:
SF:src\screens\Welcome\blocks\SociaButtons.tsx
FN:16,SocialButtons
FN:26,(anonymous_1)
FN:30,(anonymous_2)
FN:47,(anonymous_3)
FN:50,(anonymous_4)
FN:51,(anonymous_5)
FN:52,(anonymous_6)
FN:64,(anonymous_7)
FN:67,(anonymous_8)
FN:68,(anonymous_9)
FN:69,(anonymous_10)
FN:81,(anonymous_11)
FNF:12
FNH:0
FNDA:0,SocialButtons
FNDA:0,(anonymous_1)
FNDA:0,(anonymous_2)
FNDA:0,(anonymous_3)
FNDA:0,(anonymous_4)
FNDA:0,(anonymous_5)
FNDA:0,(anonymous_6)
FNDA:0,(anonymous_7)
FNDA:0,(anonymous_8)
FNDA:0,(anonymous_9)
FNDA:0,(anonymous_10)
FNDA:0,(anonymous_11)
DA:18,0
DA:20,0
DA:22,0
DA:24,0
DA:26,0
DA:27,0
DA:30,0
DA:31,0
DA:34,0
DA:38,0
DA:42,0
DA:48,0
DA:49,0
DA:50,0
DA:51,0
DA:52,0
DA:65,0
DA:66,0
DA:67,0
DA:68,0
DA:69,0
LF:21
LH:0
BRDA:79,0,0,0
BRDA:79,0,1,0
BRDA:101,1,0,0
BRDA:101,1,1,0
BRF:4
BRH:0
end_of_record
